[1m[37mFeature[22m[39m[26m: [1m[37mAdd some numbers[22m[39m[26m  # [1m[30mfeatures\failing-scenario-loop.feature[22m[39m[26m[37m[39m[26m

    [1m[37mScenario Loop[22m[39m[26m: [1m[37mAdd some numbers[22m[39m[26m

        [1m[33mGiven I have the number 1[22m[39m[26m

[A[K        [36mGiven I have the number 1[39m[26m

        [1m[33mAnd I have the number 2[22m[39m[26m

[A[K        [36mAnd I have the number 2[39m[26m

        [1m[33mWhen I add them up[22m[39m[26m

[A[K        [36mWhen I add them up[39m[26m

        [1m[33mThen I expect the sum to be 42[22m[39m[26m

[A[K        [36mThen I expect the sum to be 42[39m[26m

    [1m[37mIterations[22m[39m[26m: [36m2[39m[26m
        [1m[37m|[22m[39m[26m [1m[33m0[22m[39m [1m[37m|[22m[39m[26m

[A[K        [1m[37m|[22m[39m[26m [1m[31m0[22m[39m [1m[37m|[22m[39m[26m
          [1m[31mAssertionError[22m[39m[26m: [31mThe expected sum 42 does not match actual sum 3[39m[26m
        [1m[37m|[22m[39m[26m [1m[33m1[22m[39m [1m[37m|[22m[39m[26m

[A[K        [1m[37m|[22m[39m[26m [1m[31m1[22m[39m [1m[37m|[22m[39m[26m
          [1m[31mAssertionError[22m[39m[26m: [31mThe expected sum 42 does not match actual sum 3[39m[26m

[1m[37m1 features ([22m[39m[1m[32m0 passed[22m[39m[1m[37m, [22m[39m[1m[31m1 failed[22m[39m[1m[37m)[22m[39m
[1m[37m2 scenarios ([22m[39m[1m[32m0 passed[22m[39m[1m[37m, [22m[39m[1m[31m2 failed[22m[39m[1m[37m)[22m[39m
[1m[37m8 steps ([22m[39m[1m[32m6 passed[22m[39m[1m[37m, [22m[39m[1m[31m2 failed[22m[39m[1m[37m)[22m[39m
[36mRun test-marker finished within a moment[39m
