[bold white]Feature[/bold white]: [bold white]Add some numbers[/bold white]  # [bold black]features/failing-scenario-loop.feature[/bold black][white][/white]

    [bold white]Scenario Loop[/bold white]: [bold white]Add some numbers[/bold white]
        [bold yellow]Given I have the number 1[/bold yellow]
[A[K        [cyan]Given I have the number 1[/cyan]
        [bold yellow]And I have the number 2[/bold yellow]
[A[K        [cyan]And I have the number 2[/cyan]
        [bold yellow]When I add them up[/bold yellow]
[A[K        [cyan]When I add them up[/cyan]
        [bold yellow]Then I expect the sum to be 42[/bold yellow]
[A[K        [cyan]Then I expect the sum to be 42[/cyan]

    [bold white]Iterations[/bold white]: [cyan]2[/cyan]
        [bold white]|[/bold white] [bold yellow]0[/bold yellow] [bold white]|[/bold white]
[A[K        [white]|[/white] [bold red]0[/bold red] [white]|[/white]
          [bold red]AssertionError[/bold red]: [red]The expected sum 42 does not match actual sum 3[/red]
        [bold white]|[/bold white] [bold yellow]1[/bold yellow] [bold white]|[/bold white]
[A[K        [white]|[/white] [bold red]1[/bold red] [white]|[/white]
          [bold red]AssertionError[/bold red]: [red]The expected sum 42 does not match actual sum 3[/red]

[bold white]1 features ([/bold white][bold green]0 passed[/bold green][bold white], [/bold white][bold red]1 failed[/bold red][bold white])[/bold white]
[bold white]2 scenarios ([/bold white][bold green]0 passed[/bold green][bold white], [/bold white][bold red]2 failed[/bold red][bold white])[/bold white]
[bold white]8 steps ([/bold white][bold green]6 passed[/bold green][bold white], [/bold white][bold red]2 failed[/bold red][bold white])[/bold white]
[cyan]Run test-marker finished within a moment[/cyan]